#! /usr/bin/vvp
:ivl_version "11.0 (stable)";
:ivl_delay_selection "TYPICAL";
:vpi_time_precision - 12;
:vpi_module "/usr/lib/x86_64-linux-gnu/ivl/system.vpi";
:vpi_module "/usr/lib/x86_64-linux-gnu/ivl/vhdl_sys.vpi";
:vpi_module "/usr/lib/x86_64-linux-gnu/ivl/vhdl_textio.vpi";
:vpi_module "/usr/lib/x86_64-linux-gnu/ivl/v2005_math.vpi";
:vpi_module "/usr/lib/x86_64-linux-gnu/ivl/va_math.vpi";
S_0x558361a19700 .scope module, "tb" "tb" 2 2;
 .timescale -9 -12;
v0x558361a36740_0 .var "check_data", 7 0;
v0x558361a36840_0 .var "clk", 0 0;
v0x558361a36900 .array "dados_arquivo", 9 0, 0 0;
v0x558361a369a0_0 .net "data", 7 0, v0x558361a360b0_0;  1 drivers
v0x558361a36a70_0 .var/i "i", 31 0;
v0x558361a36b10_0 .var "invalid", 0 0;
v0x558361a36bb0_0 .var "ready", 0 0;
v0x558361a36c50_0 .var "ready_atrasado", 0 0;
v0x558361a36cf0_0 .var "resetn", 0 0;
v0x558361a36dc0_0 .net "valid", 0 0, v0x558361a365e0_0;  1 drivers
S_0x558361a19890 .scope module, "av" "avalon" 2 15, 3 1 0, S_0x558361a19700;
 .timescale 0 0;
    .port_info 0 /INPUT 1 "clk";
    .port_info 1 /INPUT 1 "resetn";
    .port_info 2 /OUTPUT 1 "valid";
    .port_info 3 /INPUT 1 "ready";
    .port_info 4 /OUTPUT 8 "data";
P_0x5583619da530 .param/l "AGUARDA_READY" 1 3 11, C4<01>;
P_0x5583619da570 .param/l "ENVIA_DADOS" 1 3 12, C4<10>;
P_0x5583619da5b0 .param/l "RESET" 1 3 10, C4<00>;
v0x558361a04760 .array "DADO_SAIDA", 2 0, 7 0;
v0x558361a05910_0 .net "clk", 0 0, v0x558361a36840_0;  1 drivers
v0x558361a360b0_0 .var "data", 7 0;
v0x558361a36170_0 .var "estado", 1 0;
v0x558361a36250_0 .var/i "i_dado", 31 0;
v0x558361a36380_0 .var "proximo_estado", 1 0;
v0x558361a36460_0 .net "ready", 0 0, v0x558361a36bb0_0;  1 drivers
v0x558361a36520_0 .net "resetn", 0 0, v0x558361a36cf0_0;  1 drivers
v0x558361a365e0_0 .var "valid", 0 0;
E_0x5583619d9350 .event posedge, v0x558361a05910_0;
E_0x5583619d9610 .event edge, v0x558361a36170_0;
E_0x5583619fc080/0 .event negedge, v0x558361a36520_0;
E_0x5583619fc080/1 .event posedge, v0x558361a05910_0;
E_0x5583619fc080 .event/or E_0x5583619fc080/0, E_0x5583619fc080/1;
    .scope S_0x558361a19890;
T_0 ;
    %pushi/vec4 4, 0, 8;
    %ix/load 4, 0, 0;
    %flag_set/imm 4, 0;
    %store/vec4a v0x558361a04760, 4, 0;
    %pushi/vec4 5, 0, 8;
    %ix/load 4, 1, 0;
    %flag_set/imm 4, 0;
    %store/vec4a v0x558361a04760, 4, 0;
    %pushi/vec4 6, 0, 8;
    %ix/load 4, 2, 0;
    %flag_set/imm 4, 0;
    %store/vec4a v0x558361a04760, 4, 0;
    %end;
    .thread T_0;
    .scope S_0x558361a19890;
T_1 ;
    %wait E_0x5583619fc080;
    %load/vec4 v0x558361a36520_0;
    %nor/r;
    %flag_set/vec4 8;
    %jmp/0xz  T_1.0, 8;
    %pushi/vec4 0, 0, 2;
    %store/vec4 v0x558361a36170_0, 0, 2;
    %pushi/vec4 0, 0, 32;
    %store/vec4 v0x558361a36250_0, 0, 32;
    %jmp T_1.1;
T_1.0 ;
    %load/vec4 v0x558361a36380_0;
    %store/vec4 v0x558361a36170_0, 0, 2;
T_1.1 ;
    %jmp T_1;
    .thread T_1;
    .scope S_0x558361a19890;
T_2 ;
    %wait E_0x5583619d9610;
    %load/vec4 v0x558361a36170_0;
    %dup/vec4;
    %pushi/vec4 0, 0, 2;
    %cmp/u;
    %jmp/1 T_2.0, 6;
    %dup/vec4;
    %pushi/vec4 1, 0, 2;
    %cmp/u;
    %jmp/1 T_2.1, 6;
    %dup/vec4;
    %pushi/vec4 2, 0, 2;
    %cmp/u;
    %jmp/1 T_2.2, 6;
    %jmp T_2.3;
T_2.0 ;
    %pushi/vec4 1, 0, 2;
    %store/vec4 v0x558361a36380_0, 0, 2;
    %jmp T_2.3;
T_2.1 ;
    %load/vec4 v0x558361a36460_0;
    %flag_set/vec4 8;
    %jmp/0xz  T_2.4, 8;
    %pushi/vec4 2, 0, 2;
    %store/vec4 v0x558361a36380_0, 0, 2;
    %jmp T_2.5;
T_2.4 ;
    %pushi/vec4 1, 0, 2;
    %store/vec4 v0x558361a36380_0, 0, 2;
T_2.5 ;
    %jmp T_2.3;
T_2.2 ;
    %load/vec4 v0x558361a36460_0;
    %nor/r;
    %flag_set/vec4 8;
    %jmp/0xz  T_2.6, 8;
    %pushi/vec4 1, 0, 2;
    %store/vec4 v0x558361a36380_0, 0, 2;
    %pushi/vec4 0, 0, 32;
    %store/vec4 v0x558361a36250_0, 0, 32;
    %jmp T_2.7;
T_2.6 ;
    %pushi/vec4 2, 0, 2;
    %store/vec4 v0x558361a36380_0, 0, 2;
    %load/vec4 v0x558361a36250_0;
    %addi 1, 0, 32;
    %store/vec4 v0x558361a36250_0, 0, 32;
T_2.7 ;
    %jmp T_2.3;
T_2.3 ;
    %pop/vec4 1;
    %jmp T_2;
    .thread T_2, $push;
    .scope S_0x558361a19890;
T_3 ;
    %wait E_0x5583619d9350;
    %load/vec4 v0x558361a36170_0;
    %dup/vec4;
    %pushi/vec4 0, 0, 2;
    %cmp/u;
    %jmp/1 T_3.0, 6;
    %dup/vec4;
    %pushi/vec4 1, 0, 2;
    %cmp/u;
    %jmp/1 T_3.1, 6;
    %dup/vec4;
    %pushi/vec4 2, 0, 2;
    %cmp/u;
    %jmp/1 T_3.2, 6;
    %jmp T_3.3;
T_3.0 ;
    %pushi/vec4 0, 0, 1;
    %store/vec4 v0x558361a365e0_0, 0, 1;
    %pushi/vec4 0, 0, 8;
    %store/vec4 v0x558361a360b0_0, 0, 8;
    %jmp T_3.3;
T_3.1 ;
    %jmp T_3.3;
T_3.2 ;
    %load/vec4 v0x558361a36460_0;
    %flag_set/vec4 8;
    %jmp/0xz  T_3.4, 8;
    %pushi/vec4 1, 0, 1;
    %store/vec4 v0x558361a365e0_0, 0, 1;
    %ix/getv/s 4, v0x558361a36250_0;
    %load/vec4a v0x558361a04760, 4;
    %store/vec4 v0x558361a360b0_0, 0, 8;
    %jmp T_3.5;
T_3.4 ;
    %pushi/vec4 0, 0, 1;
    %store/vec4 v0x558361a365e0_0, 0, 1;
T_3.5 ;
    %jmp T_3.3;
T_3.3 ;
    %pop/vec4 1;
    %jmp T_3;
    .thread T_3;
    .scope S_0x558361a19700;
T_4 ;
    %pushi/vec4 0, 0, 1;
    %store/vec4 v0x558361a36840_0, 0, 1;
    %pushi/vec4 0, 0, 1;
    %store/vec4 v0x558361a36cf0_0, 0, 1;
    %pushi/vec4 0, 0, 1;
    %store/vec4 v0x558361a36bb0_0, 0, 1;
    %pushi/vec4 0, 0, 1;
    %store/vec4 v0x558361a36b10_0, 0, 1;
    %pushi/vec4 4, 0, 8;
    %store/vec4 v0x558361a36740_0, 0, 8;
    %end;
    .thread T_4;
    .scope S_0x558361a19700;
T_5 ;
    %delay 1000, 0;
    %load/vec4 v0x558361a36840_0;
    %inv;
    %store/vec4 v0x558361a36840_0, 0, 1;
    %jmp T_5;
    .thread T_5;
    .scope S_0x558361a19700;
T_6 ;
    %vpi_call 2 27 "$dumpfile", "saida.vcd" {0 0 0};
    %vpi_call 2 28 "$dumpvars", 32'sb00000000000000000000000000000000, S_0x558361a19700 {0 0 0};
    %vpi_call 2 29 "$readmemb", "teste.txt", v0x558361a36900 {0 0 0};
    %pushi/vec4 0, 0, 1;
    %store/vec4 v0x558361a36cf0_0, 0, 1;
    %delay 2000, 0;
    %pushi/vec4 1, 0, 1;
    %store/vec4 v0x558361a36cf0_0, 0, 1;
    %pushi/vec4 0, 0, 32;
    %store/vec4 v0x558361a36a70_0, 0, 32;
T_6.0 ;
    %load/vec4 v0x558361a36a70_0;
    %cmpi/s 10, 0, 32;
    %jmp/0xz T_6.1, 5;
    %ix/getv/s 4, v0x558361a36a70_0;
    %load/vec4a v0x558361a36900, 4;
    %store/vec4 v0x558361a36bb0_0, 0, 1;
    %delay 2000, 0;
    %load/vec4 v0x558361a36a70_0;
    %addi 1, 0, 32;
    %store/vec4 v0x558361a36a70_0, 0, 32;
    %jmp T_6.0;
T_6.1 ;
    %vpi_call 2 40 "$finish" {0 0 0};
    %end;
    .thread T_6;
    .scope S_0x558361a19700;
T_7 ;
    %wait E_0x5583619d9350;
    %load/vec4 v0x558361a36bb0_0;
    %assign/vec4 v0x558361a36c50_0, 0;
    %load/vec4 v0x558361a36dc0_0;
    %pushi/vec4 1, 0, 1;
    %cmp/e;
    %flag_get/vec4 4;
    %load/vec4 v0x558361a36c50_0;
    %pushi/vec4 0, 0, 1;
    %cmp/e;
    %flag_get/vec4 4;
    %and;
    %flag_set/vec4 8;
    %jmp/0xz  T_7.0, 8;
    %vpi_call 2 46 "$display", "Erro no protocolo no: valid em nivel alto e ready em nivel baixo." {0 0 0};
T_7.0 ;
    %jmp T_7;
    .thread T_7;
    .scope S_0x558361a19700;
T_8 ;
    %wait E_0x5583619d9350;
    %load/vec4 v0x558361a36dc0_0;
    %cmpi/e 1, 0, 1;
    %jmp/0xz  T_8.0, 4;
    %load/vec4 v0x558361a369a0_0;
    %load/vec4 v0x558361a36740_0;
    %cmp/e;
    %jmp/0xz  T_8.2, 4;
    %load/vec4 v0x558361a36740_0;
    %addi 1, 0, 8;
    %assign/vec4 v0x558361a36740_0, 0;
    %jmp T_8.3;
T_8.2 ;
    %vpi_call 2 56 "$display", "Erro no dado: dado esperado %h, dado recebido %h", v0x558361a36740_0, v0x558361a369a0_0 {0 0 0};
    %load/vec4 v0x558361a36740_0;
    %addi 1, 0, 8;
    %assign/vec4 v0x558361a36740_0, 0;
T_8.3 ;
T_8.0 ;
    %jmp T_8;
    .thread T_8;
# The file index is used to find the file name in the following table.
:file_names 4;
    "N/A";
    "<interactive>";
    "tb.v";
    "avalon.v";
